

processing file: create_reconstruction_distance_matrix.Rmd
1/16                       
2/16 [setup]               
3/16                       
4/16 [environment]         
5/16                       
6/16 [load data]           
7/16                       
8/16 [load recons]         
9/16                       
10/16 [blbli recons]        
11/16                       
12/16 [functions]           
13/16                       
14/16 [phylodistmatrix]     
15/16                       
16/16 [save distance matrix]
output file: create_reconstruction_distance_matrix.knit.md

/home/kgontjes/.conda/envs/joint_uncertainty_revision/bin/pandoc +RTS -K512m -RTS create_reconstruction_distance_matrix.knit.md --to html4 --from markdown+autolink_bare_uris+tex_math_single_backslash --output create_reconstruction_distance_matrix.html --lua-filter /home/kgontjes/.conda/envs/joint_uncertainty_revision/lib/R/library/rmarkdown/rmarkdown/lua/pagebreak.lua --lua-filter /home/kgontjes/.conda/envs/joint_uncertainty_revision/lib/R/library/rmarkdown/rmarkdown/lua/latex-div.lua --lua-filter /home/kgontjes/.conda/envs/joint_uncertainty_revision/lib/R/library/rmarkdown/rmarkdown/lua/table-classes.lua --embed-resources --standalone --variable bs3=TRUE --section-divs --template /home/kgontjes/.conda/envs/joint_uncertainty_revision/lib/R/library/rmarkdown/rmd/h/default.html --syntax-highlighting=none --variable highlightjs=1 --variable theme=bootstrap --mathjax --variable 'mathjax-url=https://mathjax.rstudio.com/latest/MathJax.js?config=TeX-AMS-MML_HTMLorMML' --include-in-header /tmp/Rtmp2i2eN2/rmarkdown-str58fc37251779b.html 

Output created: create_reconstruction_distance_matrix.html
