

processing file: get_phenotype_genotype_ancestral_states.Rmd
1/16                            
2/16 [setup]                    
3/16                            
4/16 [environment]              
5/16                            
6/16 [phylo df data]            
7/16                            
8/16 [genotype load]            
9/16                            
10/16 [focal reconstructions]    
11/16                            
12/16 [alt recons]               
13/16                            
14/16 [matching states check]    
15/16                            
16/16 [number of reconstructions]
output file: get_phenotype_genotype_ancestral_states.knit.md

/home/kgontjes/.conda/envs/joint_uncertainty_revision/bin/pandoc +RTS -K512m -RTS get_phenotype_genotype_ancestral_states.knit.md --to html4 --from markdown+autolink_bare_uris+tex_math_single_backslash --output get_phenotype_genotype_ancestral_states.html --lua-filter /home/kgontjes/.conda/envs/joint_uncertainty_revision/lib/R/library/rmarkdown/rmarkdown/lua/pagebreak.lua --lua-filter /home/kgontjes/.conda/envs/joint_uncertainty_revision/lib/R/library/rmarkdown/rmarkdown/lua/latex-div.lua --lua-filter /home/kgontjes/.conda/envs/joint_uncertainty_revision/lib/R/library/rmarkdown/rmarkdown/lua/table-classes.lua --embed-resources --standalone --variable bs3=TRUE --section-divs --template /home/kgontjes/.conda/envs/joint_uncertainty_revision/lib/R/library/rmarkdown/rmd/h/default.html --syntax-highlighting=none --variable highlightjs=1 --variable theme=bootstrap --mathjax --variable 'mathjax-url=https://mathjax.rstudio.com/latest/MathJax.js?config=TeX-AMS-MML_HTMLorMML' --include-in-header /tmp/RtmpnmiI8g/rmarkdown-str1e3c843e81ec2a.html 

Output created: get_phenotype_genotype_ancestral_states.html
